<?xml version="1.0" encoding="UTF-8"?>
<Site BuildName="(empty)"
	BuildStamp="20240718-1408-Experimental"
	Name="henricus"
	Generator="ctest-3.16.3"
	CompilerName="/usr/bin/c++"
	CompilerVersion="9.4.0"
	OSName="Linux"
	Hostname="henricus"
	OSRelease="5.15.0-113-generic"
	OSVersion="#123~20.04.1-Ubuntu SMP Wed Jun 12 17:33:13 UTC 2024"
	OSPlatform="x86_64"
	Is64Bits="1"
	VendorString="AuthenticAMD"
	VendorID="Advanced Micro Devices"
	FamilyID="25"
	ModelID="97"
	ProcessorCacheSize="1024"
	NumberOfLogicalCPU="12"
	NumberOfPhysicalCPU="6"
	TotalVirtualMemory="2047"
	TotalPhysicalMemory="31221"
	LogicalProcessorsPerPhysical="2"
	ProcessorClockFrequency="4889.03"
	>
	<Testing>
		<StartDateTime>Jul 18 23:08 KST</StartDateTime>
		<StartTestTime>1721311682</StartTestTime>
		<TestList/>
		<EndDateTime>Jul 18 23:08 KST</EndDateTime>
		<EndTestTime>1721311682</EndTestTime>
		<ElapsedMinutes>0</ElapsedMinutes>
	</Testing>
</Site>
